# JRE version: OpenJDK Runtime Environment (24.0.2+12) (build 24.0.2+12-54)
# Java VM: OpenJDK 64-Bit Server VM (24.0.2+12-54, mixed mode, sharing, tiered, compressed oops, compressed class ptrs, g1 gc, windows-amd64)
GC Precious Log:
 CardTable entry size: 512
 Card Set container configuration: InlinePtr #cards 5 size 8 Array Of Cards #cards 10 size 36 Howl #buckets 4 coarsen threshold 1843 Howl Bitmap #cards 512 size 80 coarsen threshold 460 Card regions per heap region 1 cards per card region 2048
 CPUs: 8 total, 8 available
 Memory: 6045M
 Large Page Support: Disabled
 NUMA Support: Disabled
 Compressed Oops: Enabled (32-bit)
 Heap Region Size: 1M
 Heap Min Capacity: 8M
 Heap Initial Capacity: 96M
 Heap Max Capacity: 1512M
 Pre-touch: Disabled
 Parallel Workers: 8
 Concurrent Workers: 2
 Concurrent Refinement Workers: 8
 Periodic GC: Disabled
Heap:
 garbage-first heap   total reserved 1548288K, committed 54272K, used 35673K [0x00000000a1800000, 0x0000000100000000)
  region size 1024K, 8 young (8192K), 2 survivors (2048K)
 Metaspace       used 72752K, committed 73408K, reserved 1114112K
  class space    used 7906K, committed 8192K, reserved 1048576K
GC Heap History (20 events):
Event: 6.918 GC heap before
{Heap before GC invocations=4 (full 0):
 garbage-first heap   total reserved 1548288K, committed 54272K, used 38288K [0x00000000a1800000, 0x0000000100000000)
  region size 1024K, 28 young (28672K), 6 survivors (6144K)
 Metaspace       used 29610K, committed 30016K, reserved 1114112K
  class space    used 3064K, committed 3264K, reserved 1048576K
}
Event: 6.927 GC heap after
{Heap after GC invocations=5 (full 0):
 garbage-first heap   total reserved 1548288K, committed 54272K, used 18052K [0x00000000a1800000, 0x0000000100000000)
  region size 1024K, 3 young (3072K), 3 survivors (3072K)
 Metaspace       used 29610K, committed 30016K, reserved 1114112K
  class space    used 3064K, committed 3264K, reserved 1048576K
}
Event: 7.720 GC heap before
{Heap before GC invocations=5 (full 0):
 garbage-first heap   total reserved 1548288K, committed 54272K, used 40580K [0x00000000a1800000, 0x0000000100000000)
  region size 1024K, 25 young (25600K), 3 survivors (3072K)
 Metaspace       used 33117K, committed 33536K, reserved 1114112K
  class space    used 3478K, committed 3648K, reserved 1048576K
}
Event: 7.726 GC heap after
{Heap after GC invocations=6 (full 0):
 garbage-first heap   total reserved 1548288K, committed 54272K, used 20212K [0x00000000a1800000, 0x0000000100000000)
  region size 1024K, 2 young (2048K), 2 survivors (2048K)
 Metaspace       used 33117K, committed 33536K, reserved 1114112K
  class space    used 3478K, committed 3648K, reserved 1048576K
}
Event: 8.162 GC heap before
{Heap before GC invocations=6 (full 0):
 garbage-first heap   total reserved 1548288K, committed 54272K, used 28404K [0x00000000a1800000, 0x0000000100000000)
  region size 1024K, 12 young (12288K), 2 survivors (2048K)
 Metaspace       used 35493K, committed 35968K, reserved 1114112K
  class space    used 3667K, committed 3904K, reserved 1048576K
}
Event: 8.166 GC heap after
{Heap after GC invocations=7 (full 0):
 garbage-first heap   total reserved 1548288K, committed 54272K, used 20975K [0x00000000a1800000, 0x0000000100000000)
  region size 1024K, 1 young (1024K), 1 survivors (1024K)
 Metaspace       used 35493K, committed 35968K, reserved 1114112K
  class space    used 3667K, committed 3904K, reserved 1048576K
}
Event: 9.155 GC heap before
{Heap before GC invocations=8 (full 0):
 garbage-first heap   total reserved 1548288K, committed 54272K, used 43503K [0x00000000a1800000, 0x0000000100000000)
  region size 1024K, 23 young (23552K), 1 survivors (1024K)
 Metaspace       used 41353K, committed 41856K, reserved 1114112K
  class space    used 4397K, committed 4608K, reserved 1048576K
}
Event: 9.159 GC heap after
{Heap after GC invocations=9 (full 0):
 garbage-first heap   total reserved 1548288K, committed 54272K, used 22376K [0x00000000a1800000, 0x0000000100000000)
  region size 1024K, 3 young (3072K), 3 survivors (3072K)
 Metaspace       used 41353K, committed 41856K, reserved 1114112K
  class space    used 4397K, committed 4608K, reserved 1048576K
}
Event: 10.374 GC heap before
{Heap before GC invocations=9 (full 0):
 garbage-first heap   total reserved 1548288K, committed 54272K, used 43880K [0x00000000a1800000, 0x0000000100000000)
  region size 1024K, 24 young (24576K), 3 survivors (3072K)
 Metaspace       used 51301K, committed 51776K, reserved 1114112K
  class space    used 5399K, committed 5632K, reserved 1048576K
}
Event: 10.380 GC heap after
{Heap after GC invocations=10 (full 0):
 garbage-first heap   total reserved 1548288K, committed 54272K, used 24369K [0x00000000a1800000, 0x0000000100000000)
  region size 1024K, 3 young (3072K), 3 survivors (3072K)
 Metaspace       used 51301K, committed 51776K, reserved 1114112K
  class space    used 5399K, committed 5632K, reserved 1048576K
}
Event: 11.100 GC heap before
{Heap before GC invocations=10 (full 0):
 garbage-first heap   total reserved 1548288K, committed 54272K, used 45873K [0x00000000a1800000, 0x0000000100000000)
  region size 1024K, 24 young (24576K), 3 survivors (3072K)
 Metaspace       used 55709K, committed 56192K, reserved 1114112K
  class space    used 5857K, committed 6080K, reserved 1048576K
}
Event: 11.104 GC heap after
{Heap after GC invocations=11 (full 0):
 garbage-first heap   total reserved 1548288K, committed 54272K, used 26194K [0x00000000a1800000, 0x0000000100000000)
  region size 1024K, 2 young (2048K), 2 survivors (2048K)
 Metaspace       used 55709K, committed 56192K, reserved 1114112K
  class space    used 5857K, committed 6080K, reserved 1048576K
}
Event: 11.484 GC heap before
{Heap before GC invocations=11 (full 0):
 garbage-first heap   total reserved 1548288K, committed 54272K, used 35410K [0x00000000a1800000, 0x0000000100000000)
  region size 1024K, 13 young (13312K), 2 survivors (2048K)
 Metaspace       used 59692K, committed 60160K, reserved 1114112K
  class space    used 6207K, committed 6400K, reserved 1048576K
}
Event: 11.488 GC heap after
{Heap after GC invocations=12 (full 0):
 garbage-first heap   total reserved 1548288K, committed 54272K, used 26525K [0x00000000a1800000, 0x0000000100000000)
  region size 1024K, 2 young (2048K), 2 survivors (2048K)
 Metaspace       used 59692K, committed 60160K, reserved 1114112K
  class space    used 6207K, committed 6400K, reserved 1048576K
}
Event: 12.351 GC heap before
{Heap before GC invocations=13 (full 0):
 garbage-first heap   total reserved 1548288K, committed 54272K, used 47005K [0x00000000a1800000, 0x0000000100000000)
  region size 1024K, 23 young (23552K), 2 survivors (2048K)
 Metaspace       used 66035K, committed 66560K, reserved 1114112K
  class space    used 7156K, committed 7360K, reserved 1048576K
}
Event: 12.354 GC heap after
{Heap after GC invocations=14 (full 0):
 garbage-first heap   total reserved 1548288K, committed 54272K, used 27404K [0x00000000a1800000, 0x0000000100000000)
  region size 1024K, 2 young (2048K), 2 survivors (2048K)
 Metaspace       used 66035K, committed 66560K, reserved 1114112K
  class space    used 7156K, committed 7360K, reserved 1048576K
}
Event: 13.200 GC heap before
{Heap before GC invocations=14 (full 0):
 garbage-first heap   total reserved 1548288K, committed 54272K, used 46860K [0x00000000a1800000, 0x0000000100000000)
  region size 1024K, 21 young (21504K), 2 survivors (2048K)
 Metaspace       used 68626K, committed 69248K, reserved 1114112K
  class space    used 7469K, committed 7744K, reserved 1048576K
}
Event: 13.205 GC heap after
{Heap after GC invocations=15 (full 0):
 garbage-first heap   total reserved 1548288K, committed 54272K, used 28669K [0x00000000a1800000, 0x0000000100000000)
  region size 1024K, 3 young (3072K), 3 survivors (3072K)
 Metaspace       used 68626K, committed 69248K, reserved 1114112K
  class space    used 7469K, committed 7744K, reserved 1048576K
}
Event: 26.788 GC heap before
{Heap before GC invocations=15 (full 0):
 garbage-first heap   total reserved 1548288K, committed 54272K, used 46077K [0x00000000a1800000, 0x0000000100000000)
  region size 1024K, 21 young (21504K), 3 survivors (3072K)
 Metaspace       used 72184K, committed 72832K, reserved 1114112K
  class space    used 7845K, committed 8128K, reserved 1048576K
}
Event: 26.797 GC heap after
{Heap after GC invocations=16 (full 0):
 garbage-first heap   total reserved 1548288K, committed 54272K, used 30553K [0x00000000a1800000, 0x0000000100000000)
  region size 1024K, 2 young (2048K), 2 survivors (2048K)
 Metaspace       used 72184K, committed 72832K, reserved 1114112K
  class space    used 7845K, committed 8128K, reserved 1048576K
}

